C:\Program Files (x86)\MSBuild\Microsoft.Cpp\v4.0\V140\Microsoft.CppBuild.targets(392,5): warning MSB8028: The intermediate directory (x64\Debug\) contains files shared from another project (ConsoleApplication1.vcxproj).  This can lead to incorrect clean and rebuild behavior.
  Source.cpp
e:\sourcehunters\sourcehunters\taller1\consoleapplication1\source.cpp(161): warning C4244: 'argument': conversion from 'std::size_t' to 'float', possible loss of data
e:\sourcehunters\sourcehunters\taller1\consoleapplication1\source.cpp(19): warning C4101: 'mode': unreferenced local variable
e:\sourcehunters\sourcehunters\taller1\consoleapplication1\source.cpp(21): warning C4101: 'received': unreferenced local variable
  Receive.cpp
  Generating Code...
Receive.obj : error LNK2019: unresolved external symbol "__declspec(dllimport) public: void __cdecl sf::Mutex::lock(void)" (__imp_?lock@Mutex@sf@@QEAAXXZ) referenced in function "public: void __cdecl Receive::ReceiveMessages(void)" (?ReceiveMessages@Receive@@QEAAXXZ)
Source.obj : error LNK2001: unresolved external symbol "__declspec(dllimport) public: void __cdecl sf::Mutex::lock(void)" (__imp_?lock@Mutex@sf@@QEAAXXZ)
Receive.obj : error LNK2019: unresolved external symbol "__declspec(dllimport) public: void __cdecl sf::Mutex::unlock(void)" (__imp_?unlock@Mutex@sf@@QEAAXXZ) referenced in function "public: void __cdecl Receive::ReceiveMessages(void)" (?ReceiveMessages@Receive@@QEAAXXZ)
Source.obj : error LNK2001: unresolved external symbol "__declspec(dllimport) public: void __cdecl sf::Mutex::unlock(void)" (__imp_?unlock@Mutex@sf@@QEAAXXZ)
Receive.obj : error LNK2019: unresolved external symbol "__declspec(dllimport) public: enum sf::Socket::Status __cdecl sf::TcpSocket::receive(void *,unsigned __int64,unsigned __int64 &)" (__imp_?receive@TcpSocket@sf@@QEAA?AW4Status@Socket@2@PEAX_KAEA_K@Z) referenced in function "public: void __cdecl Receive::ReceiveMessages(void)" (?ReceiveMessages@Receive@@QEAAXXZ)
Send.obj : error LNK2019: unresolved external symbol "__declspec(dllimport) public: enum sf::Socket::Status __cdecl sf::TcpSocket::send(void const *,unsigned __int64)" (__imp_?send@TcpSocket@sf@@QEAA?AW4Status@Socket@2@PEBX_K@Z) referenced in function "public: void __cdecl Send::SendMessages(void)" (?SendMessages@Send@@QEAAXXZ)
Source.obj : error LNK2019: unresolved external symbol "__declspec(dllimport) class sf::Time __cdecl sf::seconds(float)" (__imp_?seconds@sf@@YA?AVTime@1@M@Z) referenced in function main
Source.obj : error LNK2019: unresolved external symbol "__declspec(dllimport) protected: __cdecl sf::NonCopyable::NonCopyable(void)" (__imp_??0NonCopyable@sf@@IEAA@XZ) referenced in function "public: __cdecl sf::Thread::Thread<class Receive>(void (__cdecl Receive::*)(void),class Receive *)" (??$?0VReceive@@@Thread@sf@@QEAA@P8Receive@@EAAXXZPEAV2@@Z)
Source.obj : error LNK2019: unresolved external symbol "__declspec(dllimport) public: __cdecl sf::Mutex::Mutex(void)" (__imp_??0Mutex@sf@@QEAA@XZ) referenced in function main
Source.obj : error LNK2019: unresolved external symbol "__declspec(dllimport) public: __cdecl sf::Mutex::~Mutex(void)" (__imp_??1Mutex@sf@@QEAA@XZ) referenced in function main
Source.obj : error LNK2019: unresolved external symbol "__declspec(dllimport) public: __cdecl sf::String::String(char const *,class std::locale const &)" (__imp_??0String@sf@@QEAA@PEBDAEBVlocale@std@@@Z) referenced in function main
Source.obj : error LNK2019: unresolved external symbol "__declspec(dllimport) public: __cdecl sf::String::String(class std::basic_string<char,struct std::char_traits<char>,class std::allocator<char> > const &,class std::locale const &)" (__imp_??0String@sf@@QEAA@AEBV?$basic_string@DU?$char_traits@D@std@@V?$allocator@D@2@@std@@AEBVlocale@3@@Z) referenced in function main
Source.obj : error LNK2019: unresolved external symbol "__declspec(dllimport) public: __cdecl sf::String::~String(void)" (__imp_??1String@sf@@QEAA@XZ) referenced in function main
Source.obj : error LNK2019: unresolved external symbol "__declspec(dllimport) public: __cdecl sf::Thread::~Thread(void)" (__imp_??1Thread@sf@@QEAA@XZ) referenced in function main
Source.obj : error LNK2019: unresolved external symbol "__declspec(dllimport) public: void __cdecl sf::Thread::launch(void)" (__imp_?launch@Thread@sf@@QEAAXXZ) referenced in function main
Source.obj : error LNK2019: unresolved external symbol "__declspec(dllimport) public: void __cdecl sf::Thread::terminate(void)" (__imp_?terminate@Thread@sf@@QEAAXXZ) referenced in function main
Source.obj : error LNK2019: unresolved external symbol "__declspec(dllimport) public: __cdecl sf::VideoMode::VideoMode(unsigned int,unsigned int,unsigned int)" (__imp_??0VideoMode@sf@@QEAA@III@Z) referenced in function main
Source.obj : error LNK2019: unresolved external symbol "__declspec(dllimport) public: void __cdecl sf::Window::create(class sf::VideoMode,class sf::String const &,unsigned int,struct sf::ContextSettings const &)" (__imp_?create@Window@sf@@QEAAXVVideoMode@2@AEBVString@2@IAEBUContextSettings@2@@Z) referenced in function main
Source.obj : error LNK2019: unresolved external symbol "__declspec(dllimport) public: void __cdecl sf::Window::close(void)" (__imp_?close@Window@sf@@QEAAXXZ) referenced in function main
Source.obj : error LNK2019: unresolved external symbol "__declspec(dllimport) public: bool __cdecl sf::Window::isOpen(void)const " (__imp_?isOpen@Window@sf@@QEBA_NXZ) referenced in function main
Source.obj : error LNK2019: unresolved external symbol "__declspec(dllimport) public: bool __cdecl sf::Window::pollEvent(class sf::Event &)" (__imp_?pollEvent@Window@sf@@QEAA_NAEAVEvent@2@@Z) referenced in function main
Source.obj : error LNK2019: unresolved external symbol "__declspec(dllimport) public: void __cdecl sf::Window::display(void)" (__imp_?display@Window@sf@@QEAAXXZ) referenced in function main
Source.obj : error LNK2019: unresolved external symbol "__declspec(dllimport) public: void __cdecl sf::Transformable::setPosition(float,float)" (__imp_?setPosition@Transformable@sf@@QEAAXMM@Z) referenced in function main
Source.obj : error LNK2019: unresolved external symbol "__declspec(dllimport) public: void __cdecl sf::Transformable::setPosition(class sf::Vector2<float> const &)" (__imp_?setPosition@Transformable@sf@@QEAAXAEBV?$Vector2@M@2@@Z) referenced in function main
Source.obj : error LNK2019: unresolved external symbol "__declspec(dllimport) public: __cdecl sf::Color::Color(unsigned char,unsigned char,unsigned char,unsigned char)" (__imp_??0Color@sf@@QEAA@EEEE@Z) referenced in function main
Source.obj : error LNK2019: unresolved external symbol "__declspec(dllimport) public: void __cdecl sf::Shape::setFillColor(class sf::Color const &)" (__imp_?setFillColor@Shape@sf@@QEAAXAEBVColor@2@@Z) referenced in function main
Source.obj : error LNK2019: unresolved external symbol "__declspec(dllimport) public: __cdecl sf::Font::Font(void)" (__imp_??0Font@sf@@QEAA@XZ) referenced in function main
Source.obj : error LNK2019: unresolved external symbol "__declspec(dllimport) public: __cdecl sf::Font::~Font(void)" (__imp_??1Font@sf@@QEAA@XZ) referenced in function main
Source.obj : error LNK2019: unresolved external symbol "__declspec(dllimport) public: bool __cdecl sf::Font::loadFromFile(class std::basic_string<char,struct std::char_traits<char>,class std::allocator<char> > const &)" (__imp_?loadFromFile@Font@sf@@QEAA_NAEBV?$basic_string@DU?$char_traits@D@std@@V?$allocator@D@2@@std@@@Z) referenced in function main
Source.obj : error LNK2019: unresolved external symbol "__declspec(dllimport) public: __cdecl sf::RectangleShape::RectangleShape(class sf::Vector2<float> const &)" (__imp_??0RectangleShape@sf@@QEAA@AEBV?$Vector2@M@1@@Z) referenced in function main
Source.obj : error LNK2019: unresolved external symbol "__declspec(dllimport) public: virtual __cdecl sf::RectangleShape::~RectangleShape(void)" (__imp_??1RectangleShape@sf@@UEAA@XZ) referenced in function main
Source.obj : error LNK2019: unresolved external symbol "__declspec(dllimport) public: void __cdecl sf::RenderTarget::clear(class sf::Color const &)" (__imp_?clear@RenderTarget@sf@@QEAAXAEBVColor@2@@Z) referenced in function main
Source.obj : error LNK2019: unresolved external symbol "__declspec(dllimport) public: void __cdecl sf::RenderTarget::draw(class sf::Drawable const &,class sf::RenderStates const &)" (__imp_?draw@RenderTarget@sf@@QEAAXAEBVDrawable@2@AEBVRenderStates@2@@Z) referenced in function main
Source.obj : error LNK2019: unresolved external symbol "__declspec(dllimport) public: __cdecl sf::RenderWindow::RenderWindow(void)" (__imp_??0RenderWindow@sf@@QEAA@XZ) referenced in function main
Source.obj : error LNK2019: unresolved external symbol "__declspec(dllimport) public: virtual __cdecl sf::RenderWindow::~RenderWindow(void)" (__imp_??1RenderWindow@sf@@UEAA@XZ) referenced in function main
Source.obj : error LNK2019: unresolved external symbol "__declspec(dllimport) public: __cdecl sf::Text::Text(class sf::String const &,class sf::Font const &,unsigned int)" (__imp_??0Text@sf@@QEAA@AEBVString@1@AEBVFont@1@I@Z) referenced in function main
Source.obj : error LNK2019: unresolved external symbol "__declspec(dllimport) public: void __cdecl sf::Text::setString(class sf::String const &)" (__imp_?setString@Text@sf@@QEAAXAEBVString@2@@Z) referenced in function main
Source.obj : error LNK2019: unresolved external symbol "__declspec(dllimport) public: void __cdecl sf::Text::setStyle(unsigned int)" (__imp_?setStyle@Text@sf@@QEAAXI@Z) referenced in function main
Source.obj : error LNK2019: unresolved external symbol "__declspec(dllimport) public: void __cdecl sf::Text::setFillColor(class sf::Color const &)" (__imp_?setFillColor@Text@sf@@QEAAXAEBVColor@2@@Z) referenced in function main
Source.obj : error LNK2019: unresolved external symbol "__declspec(dllimport) public: virtual __cdecl sf::Text::~Text(void)" (__imp_??1Text@sf@@UEAA@XZ) referenced in function main
Source.obj : error LNK2019: unresolved external symbol "__declspec(dllimport) public: __cdecl sf::TcpSocket::TcpSocket(void)" (__imp_??0TcpSocket@sf@@QEAA@XZ) referenced in function main
Source.obj : error LNK2019: unresolved external symbol "__declspec(dllimport) public: enum sf::Socket::Status __cdecl sf::TcpSocket::connect(class sf::IpAddress const &,unsigned short,class sf::Time)" (__imp_?connect@TcpSocket@sf@@QEAA?AW4Status@Socket@2@AEBVIpAddress@2@GVTime@2@@Z) referenced in function main
Source.obj : error LNK2019: unresolved external symbol "__declspec(dllimport) public: void __cdecl sf::TcpSocket::disconnect(void)" (__imp_?disconnect@TcpSocket@sf@@QEAAXXZ) referenced in function main
Source.obj : error LNK2019: unresolved external symbol "__declspec(dllimport) public: virtual __cdecl sf::TcpSocket::~TcpSocket(void)" (__imp_??1TcpSocket@sf@@UEAA@XZ) referenced in function "public: virtual void * __cdecl sf::TcpSocket::`scalar deleting destructor'(unsigned int)" (??_GTcpSocket@sf@@UEAAPEAXI@Z)
Source.obj : error LNK2019: unresolved external symbol "__declspec(dllimport) public: __cdecl sf::IpAddress::IpAddress(char const *)" (__imp_??0IpAddress@sf@@QEAA@PEBD@Z) referenced in function main
Source.obj : error LNK2019: unresolved external symbol "__declspec(dllimport) public: __cdecl sf::TcpListener::TcpListener(void)" (__imp_??0TcpListener@sf@@QEAA@XZ) referenced in function main
Source.obj : error LNK2019: unresolved external symbol "__declspec(dllimport) public: enum sf::Socket::Status __cdecl sf::TcpListener::listen(unsigned short,class sf::IpAddress const &)" (__imp_?listen@TcpListener@sf@@QEAA?AW4Status@Socket@2@GAEBVIpAddress@2@@Z) referenced in function main
Source.obj : error LNK2019: unresolved external symbol "__declspec(dllimport) public: void __cdecl sf::TcpListener::close(void)" (__imp_?close@TcpListener@sf@@QEAAXXZ) referenced in function main
Source.obj : error LNK2019: unresolved external symbol "__declspec(dllimport) public: enum sf::Socket::Status __cdecl sf::TcpListener::accept(class sf::TcpSocket &)" (__imp_?accept@TcpListener@sf@@QEAA?AW4Status@Socket@2@AEAVTcpSocket@2@@Z) referenced in function main
Source.obj : error LNK2019: unresolved external symbol "__declspec(dllimport) public: virtual __cdecl sf::TcpListener::~TcpListener(void)" (__imp_??1TcpListener@sf@@UEAA@XZ) referenced in function main
Source.obj : error LNK2001: unresolved external symbol "__declspec(dllimport) public: static class sf::RenderStates const sf::RenderStates::Default" (__imp_?Default@RenderStates@sf@@2V12@B)
Source.obj : error LNK2001: unresolved external symbol "__declspec(dllimport) public: static class sf::IpAddress const sf::IpAddress::Any" (__imp_?Any@IpAddress@sf@@2V12@B)
E:\SourceHunters\SourceHunters\Taller1\x64\Debug\Taller1.exe : fatal error LNK1120: 50 unresolved externals
