e:\sourcehunters\sourcehunters\taller3\consoleapplication1\x64\release\vc140.pdb
e:\sourcehunters\sourcehunters\taller3\consoleapplication1\x64\release\source.obj
e:\sourcehunters\sourcehunters\taller3\consoleapplication1\x64\release\send.obj
e:\sourcehunters\sourcehunters\taller3\consoleapplication1\x64\release\receive.obj
d:\sourcehunters\taller3\consoleapplication1\x64\release\vc140.pdb
d:\sourcehunters\taller3\consoleapplication1\x64\release\client.obj
e:\sourcehunters\sourcehunters\taller3\x64\release\client.exe
e:\sourcehunters\sourcehunters\taller3\x64\release\client.ipdb
e:\sourcehunters\sourcehunters\taller3\x64\release\client.iobj
e:\sourcehunters\sourcehunters\taller3\x64\release\client.pdb
d:\sourcehunters\taller3\consoleapplication1\x64\release\consoleapplication1.vcxprojresolveassemblyreference.cache
d:\sourcehunters\taller3\consoleapplication1\x64\release\receive.obj
d:\sourcehunters\taller3\consoleapplication1\x64\release\send.obj
d:\sourcehunters\taller3\consoleapplication1\x64\release\source.obj
d:\sourcehunters\taller3\x64\release\client.pdb
d:\sourcehunters\taller3\consoleapplication1\x64\release\client.tlog\cl.command.1.tlog
d:\sourcehunters\taller3\consoleapplication1\x64\release\client.tlog\cl.read.1.tlog
d:\sourcehunters\taller3\consoleapplication1\x64\release\client.tlog\cl.write.1.tlog
d:\sourcehunters\taller3\consoleapplication1\x64\release\client.tlog\link.command.1.tlog
d:\sourcehunters\taller3\consoleapplication1\x64\release\client.tlog\link.read.1.tlog
d:\sourcehunters\taller3\consoleapplication1\x64\release\client.tlog\link.write.1.tlog
