d:\program files (x86)\xaxes\sourcehunters\taller1\consoleapplication1\x64\release\vc140.pdb
d:\program files (x86)\xaxes\sourcehunters\taller1\consoleapplication1\x64\release\source.obj
d:\program files (x86)\xaxes\sourcehunters\taller1\consoleapplication1\x64\release\send.obj
d:\program files (x86)\xaxes\sourcehunters\taller1\consoleapplication1\x64\release\receive.obj
d:\sourcehunters\taller1\consoleapplication1\x64\release\vc140.pdb
d:\sourcehunters\taller1\consoleapplication1\x64\release\source.obj
d:\sourcehunters\taller1\consoleapplication1\x64\release\send.obj
d:\sourcehunters\taller1\consoleapplication1\x64\release\receive.obj
c:\users\pjandula\taller1\consoleapplication1\x64\release\vc140.pdb
c:\users\pjandula\taller1\consoleapplication1\x64\release\source.obj
c:\users\pjandula\taller1\consoleapplication1\x64\release\send.obj
c:\users\pjandula\taller1\consoleapplication1\x64\release\receive.obj
d:\program files (x86)\xaxes\sourcehunters\taller1\x64\release\taller1.exe
d:\program files (x86)\xaxes\sourcehunters\taller1\x64\release\taller1.ipdb
d:\program files (x86)\xaxes\sourcehunters\taller1\x64\release\taller1.iobj
d:\program files (x86)\xaxes\sourcehunters\taller1\x64\release\taller1.pdb
d:\sourcehunters\taller1\x64\release\taller1.exe
d:\sourcehunters\taller1\x64\release\taller1.ipdb
d:\sourcehunters\taller1\x64\release\taller1.iobj
d:\sourcehunters\taller1\x64\release\taller1.pdb
c:\users\pjandula\taller1\consoleapplication1\x64\release\chat.obj
c:\users\pjandula\taller1\x64\release\taller1.pdb
c:\users\pjandula\taller1\consoleapplication1\x64\release\taller1.tlog\cl.command.1.tlog
c:\users\pjandula\taller1\consoleapplication1\x64\release\taller1.tlog\cl.read.1.tlog
c:\users\pjandula\taller1\consoleapplication1\x64\release\taller1.tlog\cl.write.1.tlog
c:\users\pjandula\taller1\consoleapplication1\x64\release\taller1.tlog\link.command.1.tlog
c:\users\pjandula\taller1\consoleapplication1\x64\release\taller1.tlog\link.read.1.tlog
c:\users\pjandula\taller1\consoleapplication1\x64\release\taller1.tlog\link.write.1.tlog
