C:\Program Files (x86)\MSBuild\Microsoft.Cpp\v4.0\V140\Microsoft.CppBuild.targets(392,5): warning MSB8028: The intermediate directory (x64\Release\) contains files shared from another project (ConsoleApplication1.vcxproj, Taller1.vcxproj, Taller2.vcxproj).  This can lead to incorrect clean and rebuild behavior.
  Client.cpp
<<<<<<< HEAD
C:\Users\Usuario\Desktop\Practica1\ChatLib\Game.h(93): warning C4244: '=': conversion from 'float' to 'clock_t', possible loss of data
Client.cpp(387): warning C4244: 'argument': conversion from 'int' to 'float', possible loss of data
Client.cpp(224): warning C4101: 'evento': unreferenced local variable
Client.cpp(260): warning C4101: 'key': unreferenced local variable
  Generating code
  2 of 342 functions ( 0.6%) were compiled, the rest were copied from previous compilation.
    0 functions were new in current compilation
    0 functions had inline decision re-evaluated but remain unchanged
  Finished generating code
  ConsoleApplication1.vcxproj -> C:\Users\Usuario\Desktop\Practica1\x64\Release\Client.exe
  ConsoleApplication1.vcxproj -> C:\Users\Usuario\Desktop\Practica1\x64\Release\Client.pdb (Full PDB)
=======
E:\Users\Dani\Documents\ENTI\3er\Programacio de Jocs en xarxa\SourceHunters\Practica1\ChatLib\Game.h(93): warning C4244: '=': conversión de 'float' a 'clock_t'; posible pérdida de datos
Client.cpp(342): warning C4244: 'argumento': conversión de 'int' a 'float'; posible pérdida de datos
Client.cpp(207): warning C4101: 'evento': variable local sin referencia
Client.cpp(241): warning C4101: 'key': variable local sin referencia
  Generando código
  2 of 340 functions ( 0.6%) were compiled, the rest were copied from previous compilation.
    0 functions were new in current compilation
    6 functions had inline decision re-evaluated but remain unchanged
  Generación de código finalizada
ChatLib.lib(MessageManager.obj) : warning LNK4099: no se encontró PDB 'ChatLib.pdb' con 'ChatLib.lib(MessageManager.obj)' o en 'E:\Users\Dani\Documents\ENTI\3er\Programacio de Jocs en xarxa\SourceHunters\Practica1\x64\Release\ChatLib.pdb'; se vinculará el objeto sin tener en cuenta información de depuración
ChatLib.lib(Send.obj) : warning LNK4099: no se encontró PDB 'ChatLib.pdb' con 'ChatLib.lib(Send.obj)' o en 'E:\Users\Dani\Documents\ENTI\3er\Programacio de Jocs en xarxa\SourceHunters\Practica1\x64\Release\ChatLib.pdb'; se vinculará el objeto sin tener en cuenta información de depuración
ChatLib.lib(Receive.obj) : warning LNK4099: no se encontró PDB 'ChatLib.pdb' con 'ChatLib.lib(Receive.obj)' o en 'E:\Users\Dani\Documents\ENTI\3er\Programacio de Jocs en xarxa\SourceHunters\Practica1\x64\Release\ChatLib.pdb'; se vinculará el objeto sin tener en cuenta información de depuración
  ConsoleApplication1.vcxproj -> E:\Users\Dani\Documents\ENTI\3er\Programacio de Jocs en xarxa\SourceHunters\Practica1\x64\Release\Client.exe
  ConsoleApplication1.vcxproj -> E:\Users\Dani\Documents\ENTI\3er\Programacio de Jocs en xarxa\SourceHunters\Practica1\x64\Release\Client.pdb (Full PDB)
>>>>>>> origin/master
