c:\users\usuario\desktop\nueva carpeta\practica1x2p\server\x64\release\vc140.pdb
c:\users\usuario\desktop\nueva carpeta\practica1x2p\server\x64\release\server.obj
e:\sourcehunters\sourcehunters\practica1x2p\server\x64\release\vc140.pdb
e:\sourcehunters\sourcehunters\practica1x2p\server\x64\release\server.obj
e:\sourcehunters\sourcehunters\taller5\server\x64\release\vc140.pdb
e:\sourcehunters\sourcehunters\taller5\server\x64\release\server.obj
c:\users\usuario\desktop\nueva carpeta\practica1x2p\x64\release\server.exe
c:\users\usuario\desktop\nueva carpeta\practica1x2p\x64\release\server.ipdb
c:\users\usuario\desktop\nueva carpeta\practica1x2p\x64\release\server.iobj
c:\users\usuario\desktop\nueva carpeta\practica1x2p\x64\release\server.pdb
e:\sourcehunters\sourcehunters\practica1x2p\x64\release\server.exe
e:\sourcehunters\sourcehunters\practica1x2p\x64\release\server.ipdb
e:\sourcehunters\sourcehunters\practica1x2p\x64\release\server.iobj
e:\sourcehunters\sourcehunters\practica1x2p\x64\release\server.pdb
e:\sourcehunters\sourcehunters\taller5\server\x64\release\server.tlog\cl.command.1.tlog
e:\sourcehunters\sourcehunters\taller5\server\x64\release\server.tlog\cl.read.1.tlog
e:\sourcehunters\sourcehunters\taller5\server\x64\release\server.tlog\cl.write.1.tlog
e:\sourcehunters\sourcehunters\taller5\server\x64\release\server.tlog\link.command.1.tlog
e:\sourcehunters\sourcehunters\taller5\server\x64\release\server.tlog\link.read.1.tlog
e:\sourcehunters\sourcehunters\taller5\server\x64\release\server.tlog\link.write.1.tlog
