d:\sourcehunters\taller3\consoleapplication1\x64\debug\vc140.pdb
d:\sourcehunters\taller3\consoleapplication1\x64\debug\vc140.idb
d:\sourcehunters\taller3\consoleapplication1\x64\debug\client.obj
e:\sourcehunters\sourcehunters\taller3\consoleapplication1\x64\debug\vc140.pdb
e:\sourcehunters\sourcehunters\taller3\consoleapplication1\x64\debug\vc140.idb
e:\sourcehunters\sourcehunters\taller3\consoleapplication1\x64\debug\client.obj
e:\sourcehunters\sourcehunters\practica1\consoleapplication1\x64\debug\vc140.pdb
e:\sourcehunters\sourcehunters\practica1\consoleapplication1\x64\debug\vc140.idb
e:\sourcehunters\sourcehunters\practica1\consoleapplication1\x64\debug\client.obj
e:\sourcehunters\sourcehunters\practica1\consoleapplication1\x64\debug\consoleapplication1.vcxprojresolveassemblyreference.cache
e:\sourcehunters\sourcehunters\practica1\x64\debug\client.pdb
e:\sourcehunters\sourcehunters\practica1\consoleapplication1\x64\debug\client.tlog\cl.command.1.tlog
e:\sourcehunters\sourcehunters\practica1\consoleapplication1\x64\debug\client.tlog\cl.read.1.tlog
e:\sourcehunters\sourcehunters\practica1\consoleapplication1\x64\debug\client.tlog\cl.write.1.tlog
e:\sourcehunters\sourcehunters\practica1\consoleapplication1\x64\debug\client.tlog\link.10104.9560.read.1.tlog
e:\sourcehunters\sourcehunters\practica1\consoleapplication1\x64\debug\client.tlog\link.10104.9560.write.1.tlog
e:\sourcehunters\sourcehunters\practica1\consoleapplication1\x64\debug\client.tlog\link.10104.read.1.tlog
e:\sourcehunters\sourcehunters\practica1\consoleapplication1\x64\debug\client.tlog\link.10104.write.1.tlog
e:\sourcehunters\sourcehunters\practica1\consoleapplication1\x64\debug\client.tlog\link.10576.read.1.tlog
e:\sourcehunters\sourcehunters\practica1\consoleapplication1\x64\debug\client.tlog\link.10576.write.1.tlog
e:\sourcehunters\sourcehunters\practica1\consoleapplication1\x64\debug\client.tlog\link.10964.read.1.tlog
e:\sourcehunters\sourcehunters\practica1\consoleapplication1\x64\debug\client.tlog\link.10964.write.1.tlog
e:\sourcehunters\sourcehunters\practica1\consoleapplication1\x64\debug\client.tlog\link.12304.read.1.tlog
e:\sourcehunters\sourcehunters\practica1\consoleapplication1\x64\debug\client.tlog\link.12304.write.1.tlog
e:\sourcehunters\sourcehunters\practica1\consoleapplication1\x64\debug\client.tlog\link.12748.read.1.tlog
e:\sourcehunters\sourcehunters\practica1\consoleapplication1\x64\debug\client.tlog\link.12748.write.1.tlog
e:\sourcehunters\sourcehunters\practica1\consoleapplication1\x64\debug\client.tlog\link.15292.read.1.tlog
e:\sourcehunters\sourcehunters\practica1\consoleapplication1\x64\debug\client.tlog\link.15292.write.1.tlog
e:\sourcehunters\sourcehunters\practica1\consoleapplication1\x64\debug\client.tlog\link.2360.read.1.tlog
e:\sourcehunters\sourcehunters\practica1\consoleapplication1\x64\debug\client.tlog\link.2360.write.1.tlog
e:\sourcehunters\sourcehunters\practica1\consoleapplication1\x64\debug\client.tlog\link.2788.read.1.tlog
e:\sourcehunters\sourcehunters\practica1\consoleapplication1\x64\debug\client.tlog\link.2788.write.1.tlog
e:\sourcehunters\sourcehunters\practica1\consoleapplication1\x64\debug\client.tlog\link.3288.read.1.tlog
e:\sourcehunters\sourcehunters\practica1\consoleapplication1\x64\debug\client.tlog\link.3288.write.1.tlog
e:\sourcehunters\sourcehunters\practica1\consoleapplication1\x64\debug\client.tlog\link.4144.read.1.tlog
e:\sourcehunters\sourcehunters\practica1\consoleapplication1\x64\debug\client.tlog\link.4144.write.1.tlog
e:\sourcehunters\sourcehunters\practica1\consoleapplication1\x64\debug\client.tlog\link.6544.read.1.tlog
e:\sourcehunters\sourcehunters\practica1\consoleapplication1\x64\debug\client.tlog\link.6544.write.1.tlog
e:\sourcehunters\sourcehunters\practica1\consoleapplication1\x64\debug\client.tlog\link.9204.read.1.tlog
e:\sourcehunters\sourcehunters\practica1\consoleapplication1\x64\debug\client.tlog\link.9204.write.1.tlog
e:\sourcehunters\sourcehunters\practica1\consoleapplication1\x64\debug\client.tlog\link.command.1.tlog
e:\sourcehunters\sourcehunters\practica1\consoleapplication1\x64\debug\client.tlog\link.read.1.tlog
e:\sourcehunters\sourcehunters\practica1\consoleapplication1\x64\debug\client.tlog\link.write.1.tlog
